[    3726ms] [WARNING] WARNING: Multiple instances of Three.js being imported. @ http://localhost:3000/_next/static/chunks/68969_next_dist_1a3b0dee._.js:2297
[    3809ms] [WARNING] updating from  114 to  122 @ http://localhost:3000/_next/static/chunks/68969_next_dist_1a3b0dee._.js:2297
[  150109ms] [WARNING] [.WebGL-0x636405e3b100] GL_INVALID_VALUE: glTexStorage2D: Texture dimensions must all be greater than zero. @ http://localhost:3000/:0
[  150111ms] [WARNING] [.WebGL-0x636405e3b100] GL_INVALID_FRAMEBUFFER_OPERATION: glClear: Framebuffer is incomplete: Attachment has zero size. @ http://localhost:3000/:0
[  150111ms] [WARNING] [.WebGL-0x636405e3b100] GL_INVALID_FRAMEBUFFER_OPERATION: glClearBufferfv: Framebuffer is incomplete: Attachment has zero size. @ http://localhost:3000/:0
[  150127ms] [WARNING] [.WebGL-0x636405e3b100] GL_INVALID_FRAMEBUFFER_OPERATION: glDrawElements: Framebuffer is incomplete: Attachment has zero size. @ http://localhost:3000/:0
[  150127ms] [WARNING] [.WebGL-0x636405e3b100] GL_INVALID_FRAMEBUFFER_OPERATION: glDrawElements: Framebuffer is incomplete: Attachment has zero size. @ http://localhost:3000/:0
[  150127ms] [WARNING] [.WebGL-0x636405e3b100] GL_INVALID_FRAMEBUFFER_OPERATION: glDrawElements: Framebuffer is incomplete: Attachment has zero size. @ http://localhost:3000/:0
[  150127ms] [WARNING] [.WebGL-0x636405e3b100] GL_INVALID_FRAMEBUFFER_OPERATION: glDrawElements: Framebuffer is incomplete: Attachment has zero size. @ http://localhost:3000/:0
[  150127ms] [WARNING] [.WebGL-0x636405e3b100] GL_INVALID_FRAMEBUFFER_OPERATION: glDrawElements: Framebuffer is incomplete: Attachment has zero size. @ http://localhost:3000/:0
[  150127ms] [WARNING] [.WebGL-0x636405e3b100] GL_INVALID_FRAMEBUFFER_OPERATION: glDrawElements: Framebuffer is incomplete: Attachment has zero size. @ http://localhost:3000/:0
[  150127ms] [WARNING] [.WebGL-0x636405e3b100] GL_INVALID_FRAMEBUFFER_OPERATION: glDrawElements: Framebuffer is incomplete: Attachment has zero size. @ http://localhost:3000/:0
[  150127ms] [WARNING] [.WebGL-0x636405e3b100] GL_INVALID_FRAMEBUFFER_OPERATION: glDrawElements: Framebuffer is incomplete: Attachment has zero size. @ http://localhost:3000/:0
[  150127ms] [WARNING] [.WebGL-0x636405e3b100] GL_INVALID_FRAMEBUFFER_OPERATION: glDrawElements: Framebuffer is incomplete: Attachment has zero size. @ http://localhost:3000/:0
[  150127ms] [WARNING] [.WebGL-0x636405e3b100] GL_INVALID_FRAMEBUFFER_OPERATION: glDrawElements: Framebuffer is incomplete: Attachment has zero size. @ http://localhost:3000/:0
[  150127ms] [WARNING] [.WebGL-0x636405e3b100] GL_INVALID_FRAMEBUFFER_OPERATION: glDrawElements: Framebuffer is incomplete: Attachment has zero size. @ http://localhost:3000/:0
[  150127ms] [WARNING] [.WebGL-0x636405e3b100] GL_INVALID_FRAMEBUFFER_OPERATION: glDrawElements: Framebuffer is incomplete: Attachment has zero size. @ http://localhost:3000/:0
[  150128ms] [WARNING] [.WebGL-0x636405e3b100] GL_INVALID_FRAMEBUFFER_OPERATION: glDrawElements: Framebuffer is incomplete: Attachment has zero size. @ http://localhost:3000/:0
[  150128ms] [WARNING] [.WebGL-0x636405e3b100] GL_INVALID_FRAMEBUFFER_OPERATION: glDrawElements: Framebuffer is incomplete: Attachment has zero size. @ http://localhost:3000/:0
[  150128ms] [WARNING] [.WebGL-0x636405e3b100] GL_INVALID_FRAMEBUFFER_OPERATION: glDrawElements: Framebuffer is incomplete: Attachment has zero size. @ http://localhost:3000/:0
[  150128ms] [WARNING] [.WebGL-0x636405e3b100] GL_INVALID_FRAMEBUFFER_OPERATION: glDrawElements: Framebuffer is incomplete: Attachment has zero size. @ http://localhost:3000/:0
[  150128ms] [WARNING] [.WebGL-0x636405e3b100] GL_INVALID_FRAMEBUFFER_OPERATION: glDrawElements: Framebuffer is incomplete: Attachment has zero size. @ http://localhost:3000/:0
[  150128ms] [WARNING] [.WebGL-0x636405e3b100] GL_INVALID_FRAMEBUFFER_OPERATION: glDrawElements: Framebuffer is incomplete: Attachment has zero size. @ http://localhost:3000/:0
[  150128ms] [WARNING] [.WebGL-0x636405e3b100] GL_INVALID_FRAMEBUFFER_OPERATION: glDrawElements: Framebuffer is incomplete: Attachment has zero size. @ http://localhost:3000/:0
[  150128ms] [WARNING] [.WebGL-0x636405e3b100] GL_INVALID_FRAMEBUFFER_OPERATION: glDrawElements: Framebuffer is incomplete: Attachment has zero size. @ http://localhost:3000/:0
[  150128ms] [WARNING] [.WebGL-0x636405e3b100] GL_INVALID_FRAMEBUFFER_OPERATION: glDrawElements: Framebuffer is incomplete: Attachment has zero size. @ http://localhost:3000/:0
[  150128ms] [WARNING] [.WebGL-0x636405e3b100] GL_INVALID_FRAMEBUFFER_OPERATION: glDrawElements: Framebuffer is incomplete: Attachment has zero size. @ http://localhost:3000/:0
[  150128ms] [WARNING] [.WebGL-0x636405e3b100] GL_INVALID_FRAMEBUFFER_OPERATION: glDrawElements: Framebuffer is incomplete: Attachment has zero size. @ http://localhost:3000/:0
[  150128ms] [WARNING] [.WebGL-0x636405e3b100] GL_INVALID_FRAMEBUFFER_OPERATION: glDrawElements: Framebuffer is incomplete: Attachment has zero size. @ http://localhost:3000/:0
[  150128ms] [WARNING] [.WebGL-0x636405e3b100] GL_INVALID_FRAMEBUFFER_OPERATION: glDrawElements: Framebuffer is incomplete: Attachment has zero size. @ http://localhost:3000/:0
[  150128ms] [WARNING] [.WebGL-0x636405e3b100] GL_INVALID_FRAMEBUFFER_OPERATION: glDrawElements: Framebuffer is incomplete: Attachment has zero size. @ http://localhost:3000/:0
[  150128ms] [WARNING] [.WebGL-0x636405e3b100] GL_INVALID_FRAMEBUFFER_OPERATION: glDrawElements: Framebuffer is incomplete: Attachment has zero size. @ http://localhost:3000/:0
[  150128ms] [WARNING] [.WebGL-0x636405e3b100] GL_INVALID_FRAMEBUFFER_OPERATION: glDrawElements: Framebuffer is incomplete: Attachment has zero size. @ http://localhost:3000/:0
[  150128ms] [WARNING] [.WebGL-0x636405e3b100] GL_INVALID_FRAMEBUFFER_OPERATION: glDrawElements: Framebuffer is incomplete: Attachment has zero size. @ http://localhost:3000/:0
[  150128ms] [WARNING] [.WebGL-0x636405e3b100] GL_INVALID_FRAMEBUFFER_OPERATION: glDrawElements: Framebuffer is incomplete: Attachment has zero size. @ http://localhost:3000/:0
[  150128ms] [WARNING] [.WebGL-0x636405e3b100] GL_INVALID_FRAMEBUFFER_OPERATION: glDrawElements: Framebuffer is incomplete: Attachment has zero size. @ http://localhost:3000/:0
[  150128ms] [WARNING] [.WebGL-0x636405e3b100] GL_INVALID_FRAMEBUFFER_OPERATION: glDrawElements: Framebuffer is incomplete: Attachment has zero size. @ http://localhost:3000/:0
[  150128ms] [WARNING] [.WebGL-0x636405e3b100] GL_INVALID_FRAMEBUFFER_OPERATION: glDrawElements: Framebuffer is incomplete: Attachment has zero size. @ http://localhost:3000/:0
[  150128ms] [WARNING] [.WebGL-0x636405e3b100] GL_INVALID_FRAMEBUFFER_OPERATION: glDrawElements: Framebuffer is incomplete: Attachment has zero size. @ http://localhost:3000/:0
[  150128ms] [WARNING] [.WebGL-0x636405e3b100] GL_INVALID_FRAMEBUFFER_OPERATION: glDrawElements: Framebuffer is incomplete: Attachment has zero size. @ http://localhost:3000/:0
[  150128ms] [WARNING] [.WebGL-0x636405e3b100] GL_INVALID_FRAMEBUFFER_OPERATION: glDrawElements: Framebuffer is incomplete: Attachment has zero size. @ http://localhost:3000/:0
[  150128ms] [WARNING] [.WebGL-0x636405e3b100] GL_INVALID_FRAMEBUFFER_OPERATION: glDrawElements: Framebuffer is incomplete: Attachment has zero size. @ http://localhost:3000/:0
[  150128ms] [WARNING] [.WebGL-0x636405e3b100] GL_INVALID_FRAMEBUFFER_OPERATION: glDrawElements: Framebuffer is incomplete: Attachment has zero size. @ http://localhost:3000/:0
[  150128ms] [WARNING] [.WebGL-0x636405e3b100] GL_INVALID_FRAMEBUFFER_OPERATION: glDrawElements: Framebuffer is incomplete: Attachment has zero size. @ http://localhost:3000/:0
[  150128ms] [WARNING] [.WebGL-0x636405e3b100] GL_INVALID_FRAMEBUFFER_OPERATION: glDrawElements: Framebuffer is incomplete: Attachment has zero size. @ http://localhost:3000/:0
[  150128ms] [WARNING] [.WebGL-0x636405e3b100] GL_INVALID_FRAMEBUFFER_OPERATION: glDrawElements: Framebuffer is incomplete: Attachment has zero size. @ http://localhost:3000/:0
[  150128ms] [WARNING] [.WebGL-0x636405e3b100] GL_INVALID_FRAMEBUFFER_OPERATION: glDrawElements: Framebuffer is incomplete: Attachment has zero size. @ http://localhost:3000/:0
[  150128ms] [WARNING] [.WebGL-0x636405e3b100] GL_INVALID_FRAMEBUFFER_OPERATION: glDrawElements: Framebuffer is incomplete: Attachment has zero size. @ http://localhost:3000/:0
[  150128ms] [WARNING] [.WebGL-0x636405e3b100] GL_INVALID_FRAMEBUFFER_OPERATION: glDrawElements: Framebuffer is incomplete: Attachment has zero size. @ http://localhost:3000/:0
[  150128ms] [WARNING] [.WebGL-0x636405e3b100] GL_INVALID_FRAMEBUFFER_OPERATION: glDrawElements: Framebuffer is incomplete: Attachment has zero size. @ http://localhost:3000/:0
[  150128ms] [WARNING] [.WebGL-0x636405e3b100] GL_INVALID_FRAMEBUFFER_OPERATION: glDrawElements: Framebuffer is incomplete: Attachment has zero size. @ http://localhost:3000/:0
[  150128ms] [WARNING] [.WebGL-0x636405e3b100] GL_INVALID_FRAMEBUFFER_OPERATION: glDrawElements: Framebuffer is incomplete: Attachment has zero size. @ http://localhost:3000/:0
[  150128ms] [WARNING] [.WebGL-0x636405e3b100] GL_INVALID_FRAMEBUFFER_OPERATION: glDrawElements: Framebuffer is incomplete: Attachment has zero size. @ http://localhost:3000/:0
[  150128ms] [WARNING] [.WebGL-0x636405e3b100] GL_INVALID_FRAMEBUFFER_OPERATION: glDrawElements: Framebuffer is incomplete: Attachment has zero size. @ http://localhost:3000/:0
[  150128ms] [WARNING] [.WebGL-0x636405e3b100] GL_INVALID_FRAMEBUFFER_OPERATION: glDrawElements: Framebuffer is incomplete: Attachment has zero size. @ http://localhost:3000/:0
[  150128ms] [WARNING] [.WebGL-0x636405e3b100] GL_INVALID_FRAMEBUFFER_OPERATION: glDrawElements: Framebuffer is incomplete: Attachment has zero size. @ http://localhost:3000/:0
[  150128ms] [WARNING] [.WebGL-0x636405e3b100] GL_INVALID_FRAMEBUFFER_OPERATION: glDrawElements: Framebuffer is incomplete: Attachment has zero size. @ http://localhost:3000/:0
[  150128ms] [WARNING] [.WebGL-0x636405e3b100] GL_INVALID_FRAMEBUFFER_OPERATION: glDrawElements: Framebuffer is incomplete: Attachment has zero size. @ http://localhost:3000/:0
[  150128ms] [WARNING] [.WebGL-0x636405e3b100] GL_INVALID_FRAMEBUFFER_OPERATION: glDrawElements: Framebuffer is incomplete: Attachment has zero size. @ http://localhost:3000/:0
[  150128ms] [WARNING] [.WebGL-0x636405e3b100] GL_INVALID_FRAMEBUFFER_OPERATION: glDrawElements: Framebuffer is incomplete: Attachment has zero size. @ http://localhost:3000/:0
[  150128ms] [WARNING] [.WebGL-0x636405e3b100] GL_INVALID_FRAMEBUFFER_OPERATION: glDrawElements: Framebuffer is incomplete: Attachment has zero size. @ http://localhost:3000/:0
[  150128ms] [WARNING] [.WebGL-0x636405e3b100] GL_INVALID_FRAMEBUFFER_OPERATION: glDrawElements: Framebuffer is incomplete: Attachment has zero size. @ http://localhost:3000/:0
[  150129ms] [WARNING] [.WebGL-0x636405e3b100] GL_INVALID_FRAMEBUFFER_OPERATION: glDrawElements: Framebuffer is incomplete: Attachment has zero size. @ http://localhost:3000/:0
[  150129ms] [WARNING] [.WebGL-0x636405e3b100] GL_INVALID_FRAMEBUFFER_OPERATION: glDrawElements: Framebuffer is incomplete: Attachment has zero size. @ http://localhost:3000/:0
[  150129ms] [WARNING] [.WebGL-0x636405e3b100] GL_INVALID_FRAMEBUFFER_OPERATION: glDrawElements: Framebuffer is incomplete: Attachment has zero size. @ http://localhost:3000/:0
[  150129ms] [WARNING] [.WebGL-0x636405e3b100] GL_INVALID_FRAMEBUFFER_OPERATION: glDrawElements: Framebuffer is incomplete: Attachment has zero size. @ http://localhost:3000/:0
[  150129ms] [WARNING] [.WebGL-0x636405e3b100] GL_INVALID_FRAMEBUFFER_OPERATION: glDrawElements: Framebuffer is incomplete: Attachment has zero size. @ http://localhost:3000/:0
[  150129ms] [WARNING] [.WebGL-0x636405e3b100] GL_INVALID_FRAMEBUFFER_OPERATION: glDrawElements: Framebuffer is incomplete: Attachment has zero size. @ http://localhost:3000/:0
[  150129ms] [WARNING] [.WebGL-0x636405e3b100] GL_INVALID_FRAMEBUFFER_OPERATION: glDrawElements: Framebuffer is incomplete: Attachment has zero size. @ http://localhost:3000/:0
[  150129ms] [WARNING] [.WebGL-0x636405e3b100] GL_INVALID_FRAMEBUFFER_OPERATION: glDrawElements: Framebuffer is incomplete: Attachment has zero size. @ http://localhost:3000/:0
[  150131ms] [WARNING] [.WebGL-0x636405e3b100] GL_INVALID_FRAMEBUFFER_OPERATION: glDrawElements: Framebuffer is incomplete: Attachment has zero size. @ http://localhost:3000/:0
[  150131ms] [WARNING] [.WebGL-0x636405e3b100] GL_INVALID_FRAMEBUFFER_OPERATION: glDrawArrays: Framebuffer is incomplete: Attachment has zero size. @ http://localhost:3000/:0
[  150131ms] [WARNING] [.WebGL-0x636405e3b100] GL_INVALID_FRAMEBUFFER_OPERATION: glDrawArrays: Framebuffer is incomplete: Attachment has zero size. @ http://localhost:3000/:0
[  150131ms] [WARNING] [.WebGL-0x636405e3b100] GL_INVALID_FRAMEBUFFER_OPERATION: glClear: Framebuffer is incomplete: Attachment has zero size. @ http://localhost:3000/:0
[  150131ms] [WARNING] [.WebGL-0x636405e3b100] GL_INVALID_FRAMEBUFFER_OPERATION: glClearBufferfv: Framebuffer is incomplete: Attachment has zero size. @ http://localhost:3000/:0
[  150131ms] [WARNING] [.WebGL-0x636405e3b100] GL_INVALID_FRAMEBUFFER_OPERATION: glDrawElements: Framebuffer is incomplete: Attachment has zero size. @ http://localhost:3000/:0
[  150131ms] [WARNING] [.WebGL-0x636405e3b100] GL_INVALID_FRAMEBUFFER_OPERATION: glDrawElements: Framebuffer is incomplete: Attachment has zero size. @ http://localhost:3000/:0
[  150131ms] [WARNING] [.WebGL-0x636405e3b100] GL_INVALID_FRAMEBUFFER_OPERATION: glDrawElements: Framebuffer is incomplete: Attachment has zero size. @ http://localhost:3000/:0
[  150131ms] [WARNING] [.WebGL-0x636405e3b100] GL_INVALID_FRAMEBUFFER_OPERATION: glDrawElements: Framebuffer is incomplete: Attachment has zero size. @ http://localhost:3000/:0
[  150131ms] [WARNING] [.WebGL-0x636405e3b100] GL_INVALID_FRAMEBUFFER_OPERATION: glDrawElements: Framebuffer is incomplete: Attachment has zero size. @ http://localhost:3000/:0
[  150131ms] [WARNING] [.WebGL-0x636405e3b100] GL_INVALID_FRAMEBUFFER_OPERATION: glDrawElements: Framebuffer is incomplete: Attachment has zero size. @ http://localhost:3000/:0
[  150131ms] [WARNING] [.WebGL-0x636405e3b100] GL_INVALID_FRAMEBUFFER_OPERATION: glDrawElements: Framebuffer is incomplete: Attachment has zero size. @ http://localhost:3000/:0
[  150131ms] [WARNING] [.WebGL-0x636405e3b100] GL_INVALID_FRAMEBUFFER_OPERATION: glDrawElements: Framebuffer is incomplete: Attachment has zero size. @ http://localhost:3000/:0
[  150131ms] [WARNING] [.WebGL-0x636405e3b100] GL_INVALID_FRAMEBUFFER_OPERATION: glDrawElements: Framebuffer is incomplete: Attachment has zero size. @ http://localhost:3000/:0
[  150131ms] [WARNING] [.WebGL-0x636405e3b100] GL_INVALID_FRAMEBUFFER_OPERATION: glDrawElements: Framebuffer is incomplete: Attachment has zero size. @ http://localhost:3000/:0
[  150131ms] [WARNING] [.WebGL-0x636405e3b100] GL_INVALID_FRAMEBUFFER_OPERATION: glDrawElements: Framebuffer is incomplete: Attachment has zero size. @ http://localhost:3000/:0
[  150131ms] [WARNING] [.WebGL-0x636405e3b100] GL_INVALID_FRAMEBUFFER_OPERATION: glDrawElements: Framebuffer is incomplete: Attachment has zero size. @ http://localhost:3000/:0
[  150131ms] [WARNING] [.WebGL-0x636405e3b100] GL_INVALID_FRAMEBUFFER_OPERATION: glDrawElements: Framebuffer is incomplete: Attachment has zero size. @ http://localhost:3000/:0
[  150131ms] [WARNING] [.WebGL-0x636405e3b100] GL_INVALID_FRAMEBUFFER_OPERATION: glDrawElements: Framebuffer is incomplete: Attachment has zero size. @ http://localhost:3000/:0
[  150131ms] [WARNING] [.WebGL-0x636405e3b100] GL_INVALID_FRAMEBUFFER_OPERATION: glDrawElements: Framebuffer is incomplete: Attachment has zero size. @ http://localhost:3000/:0
[  150131ms] [WARNING] [.WebGL-0x636405e3b100] GL_INVALID_FRAMEBUFFER_OPERATION: glDrawElements: Framebuffer is incomplete: Attachment has zero size. @ http://localhost:3000/:0
[  150131ms] [WARNING] [.WebGL-0x636405e3b100] GL_INVALID_FRAMEBUFFER_OPERATION: glDrawElements: Framebuffer is incomplete: Attachment has zero size. @ http://localhost:3000/:0
[  150131ms] [WARNING] [.WebGL-0x636405e3b100] GL_INVALID_FRAMEBUFFER_OPERATION: glDrawElements: Framebuffer is incomplete: Attachment has zero size. @ http://localhost:3000/:0
[  150131ms] [WARNING] [.WebGL-0x636405e3b100] GL_INVALID_FRAMEBUFFER_OPERATION: glDrawElements: Framebuffer is incomplete: Attachment has zero size. @ http://localhost:3000/:0
[  150131ms] [WARNING] [.WebGL-0x636405e3b100] GL_INVALID_FRAMEBUFFER_OPERATION: glDrawElements: Framebuffer is incomplete: Attachment has zero size. @ http://localhost:3000/:0
[  150131ms] [WARNING] [.WebGL-0x636405e3b100] GL_INVALID_FRAMEBUFFER_OPERATION: glDrawElements: Framebuffer is incomplete: Attachment has zero size. @ http://localhost:3000/:0
[  150131ms] [WARNING] [.WebGL-0x636405e3b100] GL_INVALID_FRAMEBUFFER_OPERATION: glDrawElements: Framebuffer is incomplete: Attachment has zero size. @ http://localhost:3000/:0
[  150131ms] [WARNING] [.WebGL-0x636405e3b100] GL_INVALID_FRAMEBUFFER_OPERATION: glDrawElements: Framebuffer is incomplete: Attachment has zero size. @ http://localhost:3000/:0
[  150131ms] [WARNING] [.WebGL-0x636405e3b100] GL_INVALID_FRAMEBUFFER_OPERATION: glDrawElements: Framebuffer is incomplete: Attachment has zero size. @ http://localhost:3000/:0
[  150131ms] [WARNING] [.WebGL-0x636405e3b100] GL_INVALID_FRAMEBUFFER_OPERATION: glDrawElements: Framebuffer is incomplete: Attachment has zero size. @ http://localhost:3000/:0
[  150131ms] [WARNING] [.WebGL-0x636405e3b100] GL_INVALID_FRAMEBUFFER_OPERATION: glDrawElements: Framebuffer is incomplete: Attachment has zero size. @ http://localhost:3000/:0
[  150131ms] [WARNING] [.WebGL-0x636405e3b100] GL_INVALID_FRAMEBUFFER_OPERATION: glDrawElements: Framebuffer is incomplete: Attachment has zero size. @ http://localhost:3000/:0
[  150131ms] [WARNING] [.WebGL-0x636405e3b100] GL_INVALID_FRAMEBUFFER_OPERATION: glDrawElements: Framebuffer is incomplete: Attachment has zero size. @ http://localhost:3000/:0
[  150131ms] [WARNING] [.WebGL-0x636405e3b100] GL_INVALID_FRAMEBUFFER_OPERATION: glDrawElements: Framebuffer is incomplete: Attachment has zero size. @ http://localhost:3000/:0
[  150131ms] [WARNING] [.WebGL-0x636405e3b100] GL_INVALID_FRAMEBUFFER_OPERATION: glDrawElements: Framebuffer is incomplete: Attachment has zero size. @ http://localhost:3000/:0
[  150131ms] [WARNING] [.WebGL-0x636405e3b100] GL_INVALID_FRAMEBUFFER_OPERATION: glDrawElements: Framebuffer is incomplete: Attachment has zero size. @ http://localhost:3000/:0
[  150131ms] [WARNING] [.WebGL-0x636405e3b100] GL_INVALID_FRAMEBUFFER_OPERATION: glDrawElements: Framebuffer is incomplete: Attachment has zero size. @ http://localhost:3000/:0
[  150131ms] [WARNING] [.WebGL-0x636405e3b100] GL_INVALID_FRAMEBUFFER_OPERATION: glDrawElements: Framebuffer is incomplete: Attachment has zero size. @ http://localhost:3000/:0
[  150131ms] [WARNING] [.WebGL-0x636405e3b100] GL_INVALID_FRAMEBUFFER_OPERATION: glDrawElements: Framebuffer is incomplete: Attachment has zero size. @ http://localhost:3000/:0
[  150131ms] [WARNING] [.WebGL-0x636405e3b100] GL_INVALID_FRAMEBUFFER_OPERATION: glDrawElements: Framebuffer is incomplete: Attachment has zero size. @ http://localhost:3000/:0
[  150131ms] [WARNING] [.WebGL-0x636405e3b100] GL_INVALID_FRAMEBUFFER_OPERATION: glDrawElements: Framebuffer is incomplete: Attachment has zero size. @ http://localhost:3000/:0
[  150131ms] [WARNING] [.WebGL-0x636405e3b100] GL_INVALID_FRAMEBUFFER_OPERATION: glDrawElements: Framebuffer is incomplete: Attachment has zero size. @ http://localhost:3000/:0
[  150131ms] [WARNING] [.WebGL-0x636405e3b100] GL_INVALID_FRAMEBUFFER_OPERATION: glDrawElements: Framebuffer is incomplete: Attachment has zero size. @ http://localhost:3000/:0
[  150131ms] [WARNING] [.WebGL-0x636405e3b100] GL_INVALID_FRAMEBUFFER_OPERATION: glDrawElements: Framebuffer is incomplete: Attachment has zero size. @ http://localhost:3000/:0
[  150131ms] [WARNING] [.WebGL-0x636405e3b100] GL_INVALID_FRAMEBUFFER_OPERATION: glDrawElements: Framebuffer is incomplete: Attachment has zero size. @ http://localhost:3000/:0
[  150131ms] [WARNING] [.WebGL-0x636405e3b100] GL_INVALID_FRAMEBUFFER_OPERATION: glDrawElements: Framebuffer is incomplete: Attachment has zero size. @ http://localhost:3000/:0
[  150131ms] [WARNING] [.WebGL-0x636405e3b100] GL_INVALID_FRAMEBUFFER_OPERATION: glDrawElements: Framebuffer is incomplete: Attachment has zero size. @ http://localhost:3000/:0
[  150132ms] [WARNING] [.WebGL-0x636405e3b100] GL_INVALID_FRAMEBUFFER_OPERATION: glDrawElements: Framebuffer is incomplete: Attachment has zero size. @ http://localhost:3000/:0
[  150132ms] [WARNING] [.WebGL-0x636405e3b100] GL_INVALID_FRAMEBUFFER_OPERATION: glDrawElements: Framebuffer is incomplete: Attachment has zero size. @ http://localhost:3000/:0
[  150132ms] [WARNING] [.WebGL-0x636405e3b100] GL_INVALID_FRAMEBUFFER_OPERATION: glDrawElements: Framebuffer is incomplete: Attachment has zero size. @ http://localhost:3000/:0
[  150132ms] [WARNING] [.WebGL-0x636405e3b100] GL_INVALID_FRAMEBUFFER_OPERATION: glDrawElements: Framebuffer is incomplete: Attachment has zero size. @ http://localhost:3000/:0
[  150132ms] [WARNING] [.WebGL-0x636405e3b100] GL_INVALID_FRAMEBUFFER_OPERATION: glDrawElements: Framebuffer is incomplete: Attachment has zero size. @ http://localhost:3000/:0
[  150132ms] [WARNING] [.WebGL-0x636405e3b100] GL_INVALID_FRAMEBUFFER_OPERATION: glDrawElements: Framebuffer is incomplete: Attachment has zero size. @ http://localhost:3000/:0
[  150132ms] [WARNING] [.WebGL-0x636405e3b100] GL_INVALID_FRAMEBUFFER_OPERATION: glDrawElements: Framebuffer is incomplete: Attachment has zero size. @ http://localhost:3000/:0
[  150132ms] [WARNING] [.WebGL-0x636405e3b100] GL_INVALID_FRAMEBUFFER_OPERATION: glDrawElements: Framebuffer is incomplete: Attachment has zero size. @ http://localhost:3000/:0
[  150132ms] [WARNING] [.WebGL-0x636405e3b100] GL_INVALID_FRAMEBUFFER_OPERATION: glDrawElements: Framebuffer is incomplete: Attachment has zero size. @ http://localhost:3000/:0
[  150132ms] [WARNING] [.WebGL-0x636405e3b100] GL_INVALID_FRAMEBUFFER_OPERATION: glDrawElements: Framebuffer is incomplete: Attachment has zero size. @ http://localhost:3000/:0
[  150132ms] [WARNING] [.WebGL-0x636405e3b100] GL_INVALID_FRAMEBUFFER_OPERATION: glDrawElements: Framebuffer is incomplete: Attachment has zero size. @ http://localhost:3000/:0
[  150132ms] [WARNING] [.WebGL-0x636405e3b100] GL_INVALID_FRAMEBUFFER_OPERATION: glDrawElements: Framebuffer is incomplete: Attachment has zero size. @ http://localhost:3000/:0
[  150132ms] [WARNING] [.WebGL-0x636405e3b100] GL_INVALID_FRAMEBUFFER_OPERATION: glDrawElements: Framebuffer is incomplete: Attachment has zero size. @ http://localhost:3000/:0
[  150132ms] [WARNING] [.WebGL-0x636405e3b100] GL_INVALID_FRAMEBUFFER_OPERATION: glDrawElements: Framebuffer is incomplete: Attachment has zero size. @ http://localhost:3000/:0
[  150132ms] [WARNING] [.WebGL-0x636405e3b100] GL_INVALID_FRAMEBUFFER_OPERATION: glDrawElements: Framebuffer is incomplete: Attachment has zero size. @ http://localhost:3000/:0
[  150132ms] [WARNING] [.WebGL-0x636405e3b100] GL_INVALID_FRAMEBUFFER_OPERATION: glDrawElements: Framebuffer is incomplete: Attachment has zero size. @ http://localhost:3000/:0
[  150132ms] [WARNING] [.WebGL-0x636405e3b100] GL_INVALID_FRAMEBUFFER_OPERATION: glDrawElements: Framebuffer is incomplete: Attachment has zero size. @ http://localhost:3000/:0
[  150132ms] [WARNING] [.WebGL-0x636405e3b100] GL_INVALID_FRAMEBUFFER_OPERATION: glDrawElements: Framebuffer is incomplete: Attachment has zero size. @ http://localhost:3000/:0
[  150132ms] [WARNING] [.WebGL-0x636405e3b100] GL_INVALID_FRAMEBUFFER_OPERATION: glDrawElements: Framebuffer is incomplete: Attachment has zero size. @ http://localhost:3000/:0
[  150132ms] [WARNING] [.WebGL-0x636405e3b100] GL_INVALID_FRAMEBUFFER_OPERATION: glDrawElements: Framebuffer is incomplete: Attachment has zero size. @ http://localhost:3000/:0
[  150132ms] [WARNING] [.WebGL-0x636405e3b100] GL_INVALID_FRAMEBUFFER_OPERATION: glDrawElements: Framebuffer is incomplete: Attachment has zero size. @ http://localhost:3000/:0
[  150132ms] [WARNING] [.WebGL-0x636405e3b100] GL_INVALID_FRAMEBUFFER_OPERATION: glDrawElements: Framebuffer is incomplete: Attachment has zero size. @ http://localhost:3000/:0
[  150132ms] [WARNING] [.WebGL-0x636405e3b100] GL_INVALID_FRAMEBUFFER_OPERATION: glDrawElements: Framebuffer is incomplete: Attachment has zero size. @ http://localhost:3000/:0
[  150132ms] [WARNING] [.WebGL-0x636405e3b100] GL_INVALID_FRAMEBUFFER_OPERATION: glDrawElements: Framebuffer is incomplete: Attachment has zero size. @ http://localhost:3000/:0
[  150132ms] [WARNING] [.WebGL-0x636405e3b100] GL_INVALID_FRAMEBUFFER_OPERATION: glDrawArrays: Framebuffer is incomplete: Attachment has zero size. @ http://localhost:3000/:0
[  150132ms] [WARNING] [.WebGL-0x636405e3b100] GL_INVALID_FRAMEBUFFER_OPERATION: glDrawArrays: Framebuffer is incomplete: Attachment has zero size. @ http://localhost:3000/:0
[  150132ms] [WARNING] [.WebGL-0x636405e3b100] GL_INVALID_FRAMEBUFFER_OPERATION: glClear: Framebuffer is incomplete: Attachment has zero size. @ http://localhost:3000/:0
[  150132ms] [WARNING] [.WebGL-0x636405e3b100] GL_INVALID_FRAMEBUFFER_OPERATION: glClearBufferfv: Framebuffer is incomplete: Attachment has zero size. @ http://localhost:3000/:0
[  150132ms] [WARNING] [.WebGL-0x636405e3b100] GL_INVALID_FRAMEBUFFER_OPERATION: glDrawElements: Framebuffer is incomplete: Attachment has zero size. @ http://localhost:3000/:0
[  150132ms] [WARNING] [.WebGL-0x636405e3b100] GL_INVALID_FRAMEBUFFER_OPERATION: glDrawElements: Framebuffer is incomplete: Attachment has zero size. @ http://localhost:3000/:0
[  150132ms] [WARNING] [.WebGL-0x636405e3b100] GL_INVALID_FRAMEBUFFER_OPERATION: glDrawElements: Framebuffer is incomplete: Attachment has zero size. @ http://localhost:3000/:0
[  150132ms] [WARNING] [.WebGL-0x636405e3b100] GL_INVALID_FRAMEBUFFER_OPERATION: glDrawElements: Framebuffer is incomplete: Attachment has zero size. @ http://localhost:3000/:0
[  150132ms] [WARNING] [.WebGL-0x636405e3b100] GL_INVALID_FRAMEBUFFER_OPERATION: glDrawElements: Framebuffer is incomplete: Attachment has zero size. @ http://localhost:3000/:0
[  150132ms] [WARNING] [.WebGL-0x636405e3b100] GL_INVALID_FRAMEBUFFER_OPERATION: glDrawElements: Framebuffer is incomplete: Attachment has zero size. @ http://localhost:3000/:0
[  150132ms] [WARNING] [.WebGL-0x636405e3b100] GL_INVALID_FRAMEBUFFER_OPERATION: glDrawElements: Framebuffer is incomplete: Attachment has zero size. @ http://localhost:3000/:0
[  150132ms] [WARNING] [.WebGL-0x636405e3b100] GL_INVALID_FRAMEBUFFER_OPERATION: glDrawElements: Framebuffer is incomplete: Attachment has zero size. @ http://localhost:3000/:0
[  150132ms] [WARNING] [.WebGL-0x636405e3b100] GL_INVALID_FRAMEBUFFER_OPERATION: glDrawElements: Framebuffer is incomplete: Attachment has zero size. @ http://localhost:3000/:0
[  150132ms] [WARNING] [.WebGL-0x636405e3b100] GL_INVALID_FRAMEBUFFER_OPERATION: glDrawElements: Framebuffer is incomplete: Attachment has zero size. @ http://localhost:3000/:0
[  150132ms] [WARNING] [.WebGL-0x636405e3b100] GL_INVALID_FRAMEBUFFER_OPERATION: glDrawElements: Framebuffer is incomplete: Attachment has zero size. @ http://localhost:3000/:0
[  150132ms] [WARNING] [.WebGL-0x636405e3b100] GL_INVALID_FRAMEBUFFER_OPERATION: glDrawElements: Framebuffer is incomplete: Attachment has zero size. @ http://localhost:3000/:0
[  150132ms] [WARNING] [.WebGL-0x636405e3b100] GL_INVALID_FRAMEBUFFER_OPERATION: glDrawElements: Framebuffer is incomplete: Attachment has zero size. @ http://localhost:3000/:0
[  150132ms] [WARNING] [.WebGL-0x636405e3b100] GL_INVALID_FRAMEBUFFER_OPERATION: glDrawElements: Framebuffer is incomplete: Attachment has zero size. @ http://localhost:3000/:0
[  150132ms] [WARNING] [.WebGL-0x636405e3b100] GL_INVALID_FRAMEBUFFER_OPERATION: glDrawElements: Framebuffer is incomplete: Attachment has zero size. @ http://localhost:3000/:0
[  150132ms] [WARNING] [.WebGL-0x636405e3b100] GL_INVALID_FRAMEBUFFER_OPERATION: glDrawElements: Framebuffer is incomplete: Attachment has zero size. @ http://localhost:3000/:0
[  150132ms] [WARNING] [.WebGL-0x636405e3b100] GL_INVALID_FRAMEBUFFER_OPERATION: glDrawElements: Framebuffer is incomplete: Attachment has zero size. @ http://localhost:3000/:0
[  150132ms] [WARNING] [.WebGL-0x636405e3b100] GL_INVALID_FRAMEBUFFER_OPERATION: glDrawElements: Framebuffer is incomplete: Attachment has zero size. @ http://localhost:3000/:0
[  150132ms] [WARNING] [.WebGL-0x636405e3b100] GL_INVALID_FRAMEBUFFER_OPERATION: glDrawElements: Framebuffer is incomplete: Attachment has zero size. @ http://localhost:3000/:0
[  150132ms] [WARNING] [.WebGL-0x636405e3b100] GL_INVALID_FRAMEBUFFER_OPERATION: glDrawElements: Framebuffer is incomplete: Attachment has zero size. @ http://localhost:3000/:0
[  150132ms] [WARNING] [.WebGL-0x636405e3b100] GL_INVALID_FRAMEBUFFER_OPERATION: glDrawElements: Framebuffer is incomplete: Attachment has zero size. @ http://localhost:3000/:0
[  150132ms] [WARNING] [.WebGL-0x636405e3b100] GL_INVALID_FRAMEBUFFER_OPERATION: glDrawElements: Framebuffer is incomplete: Attachment has zero size. @ http://localhost:3000/:0
[  150132ms] [WARNING] [.WebGL-0x636405e3b100] GL_INVALID_FRAMEBUFFER_OPERATION: glDrawElements: Framebuffer is incomplete: Attachment has zero size. @ http://localhost:3000/:0
[  150132ms] [WARNING] [.WebGL-0x636405e3b100] GL_INVALID_FRAMEBUFFER_OPERATION: glDrawElements: Framebuffer is incomplete: Attachment has zero size. @ http://localhost:3000/:0
[  150132ms] [WARNING] [.WebGL-0x636405e3b100] GL_INVALID_FRAMEBUFFER_OPERATION: glDrawElements: Framebuffer is incomplete: Attachment has zero size. @ http://localhost:3000/:0
[  150132ms] [WARNING] [.WebGL-0x636405e3b100] GL_INVALID_FRAMEBUFFER_OPERATION: glDrawElements: Framebuffer is incomplete: Attachment has zero size. @ http://localhost:3000/:0
[  150132ms] [WARNING] [.WebGL-0x636405e3b100] GL_INVALID_FRAMEBUFFER_OPERATION: glDrawElements: Framebuffer is incomplete: Attachment has zero size. @ http://localhost:3000/:0
[  150132ms] [WARNING] [.WebGL-0x636405e3b100] GL_INVALID_FRAMEBUFFER_OPERATION: glDrawElements: Framebuffer is incomplete: Attachment has zero size. @ http://localhost:3000/:0
[  150132ms] [WARNING] [.WebGL-0x636405e3b100] GL_INVALID_FRAMEBUFFER_OPERATION: glDrawElements: Framebuffer is incomplete: Attachment has zero size. @ http://localhost:3000/:0
[  150132ms] [WARNING] [.WebGL-0x636405e3b100] GL_INVALID_FRAMEBUFFER_OPERATION: glDrawElements: Framebuffer is incomplete: Attachment has zero size. @ http://localhost:3000/:0
[  150132ms] [WARNING] [.WebGL-0x636405e3b100] GL_INVALID_FRAMEBUFFER_OPERATION: glDrawElements: Framebuffer is incomplete: Attachment has zero size. @ http://localhost:3000/:0
[  150132ms] [WARNING] [.WebGL-0x636405e3b100] GL_INVALID_FRAMEBUFFER_OPERATION: glDrawElements: Framebuffer is incomplete: Attachment has zero size. @ http://localhost:3000/:0
[  150132ms] [WARNING] [.WebGL-0x636405e3b100] GL_INVALID_FRAMEBUFFER_OPERATION: glDrawElements: Framebuffer is incomplete: Attachment has zero size. @ http://localhost:3000/:0
[  150132ms] [WARNING] [.WebGL-0x636405e3b100] GL_INVALID_FRAMEBUFFER_OPERATION: glDrawElements: Framebuffer is incomplete: Attachment has zero size. @ http://localhost:3000/:0
[  150132ms] [WARNING] [.WebGL-0x636405e3b100] GL_INVALID_FRAMEBUFFER_OPERATION: glDrawElements: Framebuffer is incomplete: Attachment has zero size. @ http://localhost:3000/:0
[  150133ms] [WARNING] [.WebGL-0x636405e3b100] GL_INVALID_FRAMEBUFFER_OPERATION: glDrawElements: Framebuffer is incomplete: Attachment has zero size. @ http://localhost:3000/:0
[  150133ms] [WARNING] [.WebGL-0x636405e3b100] GL_INVALID_FRAMEBUFFER_OPERATION: glDrawElements: Framebuffer is incomplete: Attachment has zero size. @ http://localhost:3000/:0
[  150133ms] [WARNING] [.WebGL-0x636405e3b100] GL_INVALID_FRAMEBUFFER_OPERATION: glDrawElements: Framebuffer is incomplete: Attachment has zero size. @ http://localhost:3000/:0
[  150133ms] [WARNING] [.WebGL-0x636405e3b100] GL_INVALID_FRAMEBUFFER_OPERATION: glDrawElements: Framebuffer is incomplete: Attachment has zero size. @ http://localhost:3000/:0
[  150133ms] [WARNING] [.WebGL-0x636405e3b100] GL_INVALID_FRAMEBUFFER_OPERATION: glDrawElements: Framebuffer is incomplete: Attachment has zero size. @ http://localhost:3000/:0
[  150133ms] [WARNING] [.WebGL-0x636405e3b100] GL_INVALID_FRAMEBUFFER_OPERATION: glDrawElements: Framebuffer is incomplete: Attachment has zero size. @ http://localhost:3000/:0
[  150133ms] [WARNING] [.WebGL-0x636405e3b100] GL_INVALID_FRAMEBUFFER_OPERATION: glDrawElements: Framebuffer is incomplete: Attachment has zero size. @ http://localhost:3000/:0
[  150133ms] [WARNING] [.WebGL-0x636405e3b100] GL_INVALID_FRAMEBUFFER_OPERATION: glDrawElements: Framebuffer is incomplete: Attachment has zero size. @ http://localhost:3000/:0
[  150133ms] [WARNING] [.WebGL-0x636405e3b100] GL_INVALID_FRAMEBUFFER_OPERATION: glDrawElements: Framebuffer is incomplete: Attachment has zero size. @ http://localhost:3000/:0
[  150133ms] [WARNING] [.WebGL-0x636405e3b100] GL_INVALID_FRAMEBUFFER_OPERATION: glDrawElements: Framebuffer is incomplete: Attachment has zero size. @ http://localhost:3000/:0
[  150133ms] [WARNING] [.WebGL-0x636405e3b100] GL_INVALID_FRAMEBUFFER_OPERATION: glDrawElements: Framebuffer is incomplete: Attachment has zero size. @ http://localhost:3000/:0
[  150133ms] [WARNING] [.WebGL-0x636405e3b100] GL_INVALID_FRAMEBUFFER_OPERATION: glDrawElements: Framebuffer is incomplete: Attachment has zero size. @ http://localhost:3000/:0
[  150133ms] [WARNING] [.WebGL-0x636405e3b100] GL_INVALID_FRAMEBUFFER_OPERATION: glDrawElements: Framebuffer is incomplete: Attachment has zero size. @ http://localhost:3000/:0
[  150133ms] [WARNING] [.WebGL-0x636405e3b100] GL_INVALID_FRAMEBUFFER_OPERATION: glDrawElements: Framebuffer is incomplete: Attachment has zero size. @ http://localhost:3000/:0
[  150133ms] [WARNING] [.WebGL-0x636405e3b100] GL_INVALID_FRAMEBUFFER_OPERATION: glDrawElements: Framebuffer is incomplete: Attachment has zero size. @ http://localhost:3000/:0
[  150133ms] [WARNING] [.WebGL-0x636405e3b100] GL_INVALID_FRAMEBUFFER_OPERATION: glDrawElements: Framebuffer is incomplete: Attachment has zero size. @ http://localhost:3000/:0
[  150133ms] [WARNING] [.WebGL-0x636405e3b100] GL_INVALID_FRAMEBUFFER_OPERATION: glDrawElements: Framebuffer is incomplete: Attachment has zero size. @ http://localhost:3000/:0
[  150133ms] [WARNING] [.WebGL-0x636405e3b100] GL_INVALID_FRAMEBUFFER_OPERATION: glDrawElements: Framebuffer is incomplete: Attachment has zero size. @ http://localhost:3000/:0
[  150133ms] [WARNING] [.WebGL-0x636405e3b100] GL_INVALID_FRAMEBUFFER_OPERATION: glDrawElements: Framebuffer is incomplete: Attachment has zero size. @ http://localhost:3000/:0
[  150133ms] [WARNING] [.WebGL-0x636405e3b100] GL_INVALID_FRAMEBUFFER_OPERATION: glDrawElements: Framebuffer is incomplete: Attachment has zero size. @ http://localhost:3000/:0
[  150133ms] [WARNING] [.WebGL-0x636405e3b100] GL_INVALID_FRAMEBUFFER_OPERATION: glDrawElements: Framebuffer is incomplete: Attachment has zero size. @ http://localhost:3000/:0
[  150133ms] [WARNING] [.WebGL-0x636405e3b100] GL_INVALID_FRAMEBUFFER_OPERATION: glDrawElements: Framebuffer is incomplete: Attachment has zero size. @ http://localhost:3000/:0
[  150133ms] [WARNING] [.WebGL-0x636405e3b100] GL_INVALID_FRAMEBUFFER_OPERATION: glDrawElements: Framebuffer is incomplete: Attachment has zero size. @ http://localhost:3000/:0
[  150133ms] [WARNING] [.WebGL-0x636405e3b100] GL_INVALID_FRAMEBUFFER_OPERATION: glDrawElements: Framebuffer is incomplete: Attachment has zero size. @ http://localhost:3000/:0
[  150133ms] [WARNING] [.WebGL-0x636405e3b100] GL_INVALID_FRAMEBUFFER_OPERATION: glDrawElements: Framebuffer is incomplete: Attachment has zero size. @ http://localhost:3000/:0
[  150133ms] [WARNING] [.WebGL-0x636405e3b100] GL_INVALID_FRAMEBUFFER_OPERATION: glDrawElements: Framebuffer is incomplete: Attachment has zero size. @ http://localhost:3000/:0
[  150133ms] [WARNING] [.WebGL-0x636405e3b100] GL_INVALID_FRAMEBUFFER_OPERATION: glDrawElements: Framebuffer is incomplete: Attachment has zero size. @ http://localhost:3000/:0
[  150133ms] [WARNING] [.WebGL-0x636405e3b100] GL_INVALID_FRAMEBUFFER_OPERATION: glDrawElements: Framebuffer is incomplete: Attachment has zero size. @ http://localhost:3000/:0
[  150133ms] [WARNING] [.WebGL-0x636405e3b100] GL_INVALID_FRAMEBUFFER_OPERATION: glDrawElements: Framebuffer is incomplete: Attachment has zero size. @ http://localhost:3000/:0
[  150133ms] [WARNING] [.WebGL-0x636405e3b100] GL_INVALID_FRAMEBUFFER_OPERATION: glDrawElements: Framebuffer is incomplete: Attachment has zero size. @ http://localhost:3000/:0
[  150146ms] [WARNING] [.WebGL-0x636405e3b100] GL_INVALID_FRAMEBUFFER_OPERATION: glDrawElements: Framebuffer is incomplete: Attachment has zero size. @ http://localhost:3000/:0
[  150146ms] [WARNING] [.WebGL-0x636405e3b100] GL_INVALID_FRAMEBUFFER_OPERATION: glDrawArrays: Framebuffer is incomplete: Attachment has zero size. @ http://localhost:3000/:0
[  150146ms] [WARNING] [.WebGL-0x636405e3b100] GL_INVALID_FRAMEBUFFER_OPERATION: glDrawArrays: Framebuffer is incomplete: Attachment has zero size. @ http://localhost:3000/:0
[  150146ms] [WARNING] [.WebGL-0x636405e3b100] GL_INVALID_FRAMEBUFFER_OPERATION: glClear: Framebuffer is incomplete: Attachment has zero size. @ http://localhost:3000/:0
[  150146ms] [WARNING] [.WebGL-0x636405e3b100] GL_INVALID_FRAMEBUFFER_OPERATION: glClearBufferfv: Framebuffer is incomplete: Attachment has zero size. @ http://localhost:3000/:0
[  150157ms] [WARNING] [.WebGL-0x636405e3b100] GL_INVALID_FRAMEBUFFER_OPERATION: glDrawElements: Framebuffer is incomplete: Attachment has zero size. @ http://localhost:3000/:0
[  150157ms] [WARNING] [.WebGL-0x636405e3b100] GL_INVALID_FRAMEBUFFER_OPERATION: glDrawElements: Framebuffer is incomplete: Attachment has zero size. @ http://localhost:3000/:0
[  150157ms] [WARNING] [.WebGL-0x636405e3b100] GL_INVALID_FRAMEBUFFER_OPERATION: glDrawElements: Framebuffer is incomplete: Attachment has zero size. @ http://localhost:3000/:0
[  150157ms] [WARNING] [.WebGL-0x636405e3b100] GL_INVALID_FRAMEBUFFER_OPERATION: glDrawElements: Framebuffer is incomplete: Attachment has zero size. @ http://localhost:3000/:0
[  150157ms] [WARNING] [.WebGL-0x636405e3b100] GL_INVALID_FRAMEBUFFER_OPERATION: glDrawElements: Framebuffer is incomplete: Attachment has zero size. @ http://localhost:3000/:0
[  150157ms] [WARNING] [.WebGL-0x636405e3b100] GL_INVALID_FRAMEBUFFER_OPERATION: glDrawElements: Framebuffer is incomplete: Attachment has zero size. @ http://localhost:3000/:0
[  150157ms] [WARNING] [.WebGL-0x636405e3b100] GL_INVALID_FRAMEBUFFER_OPERATION: glDrawElements: Framebuffer is incomplete: Attachment has zero size. @ http://localhost:3000/:0
[  150157ms] [WARNING] [.WebGL-0x636405e3b100] GL_INVALID_FRAMEBUFFER_OPERATION: glDrawElements: Framebuffer is incomplete: Attachment has zero size. @ http://localhost:3000/:0
[  150157ms] [WARNING] [.WebGL-0x636405e3b100] GL_INVALID_FRAMEBUFFER_OPERATION: glDrawElements: Framebuffer is incomplete: Attachment has zero size. @ http://localhost:3000/:0
[  150157ms] [WARNING] [.WebGL-0x636405e3b100] GL_INVALID_FRAMEBUFFER_OPERATION: glDrawElements: Framebuffer is incomplete: Attachment has zero size. @ http://localhost:3000/:0
[  150157ms] [WARNING] [.WebGL-0x636405e3b100] GL_INVALID_FRAMEBUFFER_OPERATION: glDrawElements: Framebuffer is incomplete: Attachment has zero size. @ http://localhost:3000/:0
[  150157ms] [WARNING] [.WebGL-0x636405e3b100] GL_INVALID_FRAMEBUFFER_OPERATION: glDrawElements: Framebuffer is incomplete: Attachment has zero size. @ http://localhost:3000/:0
[  150157ms] [WARNING] [.WebGL-0x636405e3b100] GL_INVALID_FRAMEBUFFER_OPERATION: glDrawElements: Framebuffer is incomplete: Attachment has zero size. @ http://localhost:3000/:0
[  150157ms] [WARNING] [.WebGL-0x636405e3b100] GL_INVALID_FRAMEBUFFER_OPERATION: glDrawElements: Framebuffer is incomplete: Attachment has zero size. @ http://localhost:3000/:0
[  150157ms] [WARNING] [.WebGL-0x636405e3b100] GL_INVALID_FRAMEBUFFER_OPERATION: glDrawElements: Framebuffer is incomplete: Attachment has zero size. @ http://localhost:3000/:0
[  150157ms] [WARNING] [.WebGL-0x636405e3b100] GL_INVALID_FRAMEBUFFER_OPERATION: glDrawElements: Framebuffer is incomplete: Attachment has zero size. @ http://localhost:3000/:0
[  150157ms] [WARNING] [.WebGL-0x636405e3b100] GL_INVALID_FRAMEBUFFER_OPERATION: glDrawElements: Framebuffer is incomplete: Attachment has zero size. @ http://localhost:3000/:0
[  150157ms] [WARNING] [.WebGL-0x636405e3b100] GL_INVALID_FRAMEBUFFER_OPERATION: glDrawElements: Framebuffer is incomplete: Attachment has zero size. @ http://localhost:3000/:0
[  150157ms] [WARNING] [.WebGL-0x636405e3b100] GL_INVALID_FRAMEBUFFER_OPERATION: glDrawElements: Framebuffer is incomplete: Attachment has zero size. @ http://localhost:3000/:0
[  150157ms] [WARNING] [.WebGL-0x636405e3b100] GL_INVALID_FRAMEBUFFER_OPERATION: glDrawElements: Framebuffer is incomplete: Attachment has zero size. @ http://localhost:3000/:0
[  150157ms] [WARNING] [.WebGL-0x636405e3b100] GL_INVALID_FRAMEBUFFER_OPERATION: glDrawElements: Framebuffer is incomplete: Attachment has zero size. @ http://localhost:3000/:0
[  150157ms] [WARNING] [.WebGL-0x636405e3b100] GL_INVALID_FRAMEBUFFER_OPERATION: glDrawElements: Framebuffer is incomplete: Attachment has zero size. @ http://localhost:3000/:0
[  150157ms] [WARNING] [.WebGL-0x636405e3b100] GL_INVALID_FRAMEBUFFER_OPERATION: glDrawElements: Framebuffer is incomplete: Attachment has zero size. @ http://localhost:3000/:0
[  150157ms] [WARNING] [.WebGL-0x636405e3b100] GL_INVALID_FRAMEBUFFER_OPERATION: glDrawElements: Framebuffer is incomplete: Attachment has zero size. @ http://localhost:3000/:0
[  150157ms] [WARNING] [.WebGL-0x636405e3b100] GL_INVALID_FRAMEBUFFER_OPERATION: glDrawElements: Framebuffer is incomplete: Attachment has zero size. @ http://localhost:3000/:0
[  150157ms] [WARNING] [.WebGL-0x636405e3b100] GL_INVALID_FRAMEBUFFER_OPERATION: glDrawElements: Framebuffer is incomplete: Attachment has zero size. @ http://localhost:3000/:0
[  150157ms] [WARNING] [.WebGL-0x636405e3b100] GL_INVALID_FRAMEBUFFER_OPERATION: glDrawElements: Framebuffer is incomplete: Attachment has zero size. @ http://localhost:3000/:0
[  150157ms] [WARNING] [.WebGL-0x636405e3b100] GL_INVALID_FRAMEBUFFER_OPERATION: glDrawElements: Framebuffer is incomplete: Attachment has zero size. @ http://localhost:3000/:0
[  150157ms] [WARNING] [.WebGL-0x636405e3b100] GL_INVALID_FRAMEBUFFER_OPERATION: glDrawElements: Framebuffer is incomplete: Attachment has zero size. @ http://localhost:3000/:0
[  150157ms] [WARNING] [.WebGL-0x636405e3b100] GL_INVALID_FRAMEBUFFER_OPERATION: glDrawElements: Framebuffer is incomplete: Attachment has zero size. @ http://localhost:3000/:0
[  150157ms] [WARNING] [.WebGL-0x636405e3b100] GL_INVALID_FRAMEBUFFER_OPERATION: glDrawElements: Framebuffer is incomplete: Attachment has zero size. @ http://localhost:3000/:0
[  150157ms] [WARNING] [.WebGL-0x636405e3b100] GL_INVALID_FRAMEBUFFER_OPERATION: glDrawElements: Framebuffer is incomplete: Attachment has zero size. @ http://localhost:3000/:0
[  150157ms] [WARNING] [.WebGL-0x636405e3b100] GL_INVALID_FRAMEBUFFER_OPERATION: glDrawElements: Framebuffer is incomplete: Attachment has zero size. @ http://localhost:3000/:0
[  150158ms] [WARNING] [.WebGL-0x636405e3b100] GL_INVALID_FRAMEBUFFER_OPERATION: glDrawElements: Framebuffer is incomplete: Attachment has zero size. @ http://localhost:3000/:0
[  150158ms] [WARNING] [.WebGL-0x636405e3b100] GL_INVALID_FRAMEBUFFER_OPERATION: glDrawElements: Framebuffer is incomplete: Attachment has zero size. @ http://localhost:3000/:0
[  150158ms] [WARNING] [.WebGL-0x636405e3b100] GL_INVALID_FRAMEBUFFER_OPERATION: glDrawElements: Framebuffer is incomplete: Attachment has zero size. @ http://localhost:3000/:0
[  150158ms] [WARNING] [.WebGL-0x636405e3b100] GL_INVALID_FRAMEBUFFER_OPERATION: glDrawElements: Framebuffer is incomplete: Attachment has zero size. @ http://localhost:3000/:0
[  150158ms] [WARNING] [.WebGL-0x636405e3b100] GL_INVALID_FRAMEBUFFER_OPERATION: glDrawElements: Framebuffer is incomplete: Attachment has zero size. @ http://localhost:3000/:0
[  150158ms] [WARNING] [.WebGL-0x636405e3b100] GL_INVALID_FRAMEBUFFER_OPERATION: glDrawElements: Framebuffer is incomplete: Attachment has zero size. @ http://localhost:3000/:0
[  150158ms] [WARNING] [.WebGL-0x636405e3b100] GL_INVALID_FRAMEBUFFER_OPERATION: glDrawElements: Framebuffer is incomplete: Attachment has zero size. @ http://localhost:3000/:0
[  150158ms] [WARNING] [.WebGL-0x636405e3b100] GL_INVALID_FRAMEBUFFER_OPERATION: glDrawElements: Framebuffer is incomplete: Attachment has zero size. @ http://localhost:3000/:0
[  150158ms] [WARNING] [.WebGL-0x636405e3b100] GL_INVALID_FRAMEBUFFER_OPERATION: glDrawElements: Framebuffer is incomplete: Attachment has zero size. @ http://localhost:3000/:0
[  150158ms] [WARNING] [.WebGL-0x636405e3b100] GL_INVALID_FRAMEBUFFER_OPERATION: glDrawElements: Framebuffer is incomplete: Attachment has zero size. @ http://localhost:3000/:0
[  150168ms] [WARNING] WebGL: too many errors, no more errors will be reported to the console for this context. @ http://localhost:3000/:0
[  869928ms] Error: Objects are not valid as a React child (found: object with keys {name, logo, color}). If you meant to render a collection of children, use an array instead.
    at throwOnInvalidObjectTypeImpl (http://localhost:3000/_next/static/chunks/68969_next_dist_compiled_react-dom_5a5dec17._.js:3951:15)
    at throwOnInvalidObjectType (http://localhost:3000/_next/static/chunks/68969_next_dist_compiled_react-dom_5a5dec17._.js:3955:110)
    at createChild (http://localhost:3000/_next/static/chunks/68969_next_dist_compiled_react-dom_5a5dec17._.js:4058:17)
    at reconcileChildrenArray (http://localhost:3000/_next/static/chunks/68969_next_dist_compiled_react-dom_5a5dec17._.js:4158:72)
    at reconcileChildFibersImpl (http://localhost:3000/_next/static/chunks/68969_next_dist_compiled_react-dom_5a5dec17._.js:4265:117)
    at http://localhost:3000/_next/static/chunks/68969_next_dist_compiled_react-dom_5a5dec17._.js:4292:39
    at reconcileChildren (http://localhost:3000/_next/static/chunks/68969_next_dist_compiled_react-dom_5a5dec17._.js:5929:119)
    at beginWork (http://localhost:3000/_next/static/chunks/68969_next_dist_compiled_react-dom_5a5dec17._.js:6775:1573)
    at runWithFiberInDEV (http://localhost:3000/_next/static/chunks/68969_next_dist_compiled_react-dom_5a5dec17._.js:965:74)
    at performUnitOfWork (http://localhost:3000/_next/static/chunks/68969_next_dist_compiled_react-dom_5a5dec17._.js:9562:97)
    at workLoopSync (http://localhost:3000/_next/static/chunks/68969_next_dist_compiled_react-dom_5a5dec17._.js:9456:40)
    at renderRootSync (http://localhost:3000/_next/static/chunks/68969_next_dist_compiled_react-dom_5a5dec17._.js:9440:13)
    at performWorkOnRoot (http://localhost:3000/_next/static/chunks/68969_next_dist_compiled_react-dom_5a5dec17._.js:9105:47)
    at performSyncWorkOnRoot (http://localhost:3000/_next/static/chunks/68969_next_dist_compiled_react-dom_5a5dec17._.js:10238:9)
    at flushSyncWorkAcrossRoots_impl (http://localhost:3000/_next/static/chunks/68969_next_dist_compiled_react-dom_5a5dec17._.js:10154:316)
    at flushSyncWork$1 (http://localhost:3000/_next/static/chunks/68969_next_dist_compiled_react-dom_5a5dec17._.js:9237:86)
    at Object.scheduleRefresh (http://localhost:3000/_next/static/chunks/68969_next_dist_compiled_react-dom_5a5dec17._.js:299:13)
    at http://localhost:3000/_next/static/chunks/68969_next_dist_compiled_0e7a0446._.js:391:33
    at Set.forEach (<anonymous>)
    at Object.performReactRefresh (http://localhost:3000/_next/static/chunks/68969_next_dist_compiled_0e7a0446._.js:384:38)
    at applyUpdate (http://localhost:3000/_next/static/chunks/68969_next_dist_compiled_0e7a0446._.js:878:31)
    at http://localhost:3000/_next/static/chunks/68969_next_dist_compiled_0e7a0446._.js:886:13
[  879002ms] [WARNING] [Fast Refresh] performing full reload because your application had an unrecoverable error @ http://localhost:3000/_next/static/chunks/68969_next_dist_1a3b0dee._.js:2297
[  879180ms] Error: Objects are not valid as a React child (found: object with keys {name, logo, color}). If you meant to render a collection of children, use an array instead.
    at throwOnInvalidObjectTypeImpl (http://localhost:3000/_next/static/chunks/68969_next_dist_compiled_react-dom_5a5dec17._.js:3951:15)
    at throwOnInvalidObjectType (http://localhost:3000/_next/static/chunks/68969_next_dist_compiled_react-dom_5a5dec17._.js:3955:110)
    at createChild (http://localhost:3000/_next/static/chunks/68969_next_dist_compiled_react-dom_5a5dec17._.js:4058:17)
    at reconcileChildrenArray (http://localhost:3000/_next/static/chunks/68969_next_dist_compiled_react-dom_5a5dec17._.js:4158:72)
    at reconcileChildFibersImpl (http://localhost:3000/_next/static/chunks/68969_next_dist_compiled_react-dom_5a5dec17._.js:4265:117)
    at http://localhost:3000/_next/static/chunks/68969_next_dist_compiled_react-dom_5a5dec17._.js:4292:39
    at reconcileChildren (http://localhost:3000/_next/static/chunks/68969_next_dist_compiled_react-dom_5a5dec17._.js:5929:51)
    at beginWork (http://localhost:3000/_next/static/chunks/68969_next_dist_compiled_react-dom_5a5dec17._.js:6775:1573)
    at runWithFiberInDEV (http://localhost:3000/_next/static/chunks/68969_next_dist_compiled_react-dom_5a5dec17._.js:965:74)
    at performUnitOfWork (http://localhost:3000/_next/static/chunks/68969_next_dist_compiled_react-dom_5a5dec17._.js:9562:97)
    at workLoopSync (http://localhost:3000/_next/static/chunks/68969_next_dist_compiled_react-dom_5a5dec17._.js:9456:40)
    at renderRootSync (http://localhost:3000/_next/static/chunks/68969_next_dist_compiled_react-dom_5a5dec17._.js:9440:13)
    at performWorkOnRoot (http://localhost:3000/_next/static/chunks/68969_next_dist_compiled_react-dom_5a5dec17._.js:9105:47)
    at performSyncWorkOnRoot (http://localhost:3000/_next/static/chunks/68969_next_dist_compiled_react-dom_5a5dec17._.js:10238:9)
    at flushSyncWorkAcrossRoots_impl (http://localhost:3000/_next/static/chunks/68969_next_dist_compiled_react-dom_5a5dec17._.js:10154:316)
    at flushSyncWork$1 (http://localhost:3000/_next/static/chunks/68969_next_dist_compiled_react-dom_5a5dec17._.js:9237:86)
    at Object.scheduleRefresh (http://localhost:3000/_next/static/chunks/68969_next_dist_compiled_react-dom_5a5dec17._.js:299:13)
    at http://localhost:3000/_next/static/chunks/68969_next_dist_compiled_0e7a0446._.js:391:33
    at Set.forEach (<anonymous>)
    at Object.performReactRefresh (http://localhost:3000/_next/static/chunks/68969_next_dist_compiled_0e7a0446._.js:384:38)
    at applyUpdate (http://localhost:3000/_next/static/chunks/68969_next_dist_compiled_0e7a0446._.js:878:31)
    at http://localhost:3000/_next/static/chunks/68969_next_dist_compiled_0e7a0446._.js:886:13
[  879197ms] [WARNING] [Fast Refresh] performing full reload because your application had an unrecoverable error @ http://localhost:3000/_next/static/chunks/68969_next_dist_1a3b0dee._.js:2297
[  881439ms] [ERROR] Failed to load resource: the server responded with a status of 500 (Internal Server Error) @ http://localhost:3000/:0
[  882618ms] Error: Objects are not valid as a React child (found: object with keys {name, logo, color}). If you meant to render a collection of children, use an array instead.
    at throwOnInvalidObjectTypeImpl (http://localhost:3000/_next/static/chunks/68969_next_dist_compiled_react-dom_5a5dec17._.js:3951:15)
    at throwOnInvalidObjectType (http://localhost:3000/_next/static/chunks/68969_next_dist_compiled_react-dom_5a5dec17._.js:3955:110)
    at createChild (http://localhost:3000/_next/static/chunks/68969_next_dist_compiled_react-dom_5a5dec17._.js:4058:17)
    at reconcileChildrenArray (http://localhost:3000/_next/static/chunks/68969_next_dist_compiled_react-dom_5a5dec17._.js:4158:72)
    at reconcileChildFibersImpl (http://localhost:3000/_next/static/chunks/68969_next_dist_compiled_react-dom_5a5dec17._.js:4265:117)
    at http://localhost:3000/_next/static/chunks/68969_next_dist_compiled_react-dom_5a5dec17._.js:4292:39
    at reconcileChildren (http://localhost:3000/_next/static/chunks/68969_next_dist_compiled_react-dom_5a5dec17._.js:5929:51)
    at beginWork (http://localhost:3000/_next/static/chunks/68969_next_dist_compiled_react-dom_5a5dec17._.js:6775:1573)
    at runWithFiberInDEV (http://localhost:3000/_next/static/chunks/68969_next_dist_compiled_react-dom_5a5dec17._.js:965:74)
    at performUnitOfWork (http://localhost:3000/_next/static/chunks/68969_next_dist_compiled_react-dom_5a5dec17._.js:9562:97)
    at workLoopSync (http://localhost:3000/_next/static/chunks/68969_next_dist_compiled_react-dom_5a5dec17._.js:9456:40)
    at renderRootSync (http://localhost:3000/_next/static/chunks/68969_next_dist_compiled_react-dom_5a5dec17._.js:9440:13)
    at performWorkOnRoot (http://localhost:3000/_next/static/chunks/68969_next_dist_compiled_react-dom_5a5dec17._.js:9105:47)
    at performWorkOnRootViaSchedulerTask (http://localhost:3000/_next/static/chunks/68969_next_dist_compiled_react-dom_5a5dec17._.js:10230:9)
    at MessagePort.performWorkUntilDeadline (http://localhost:3000/_next/static/chunks/68969_next_dist_compiled_0e7a0446._.js:2647:64)
[  882798ms] [WARNING] WARNING: Multiple instances of Three.js being imported. @ http://localhost:3000/_next/static/chunks/68969_next_dist_1a3b0dee._.js:2297
[  886334ms] [WARNING] The resource http://localhost:3000/_next/static/media/e41d5df559864f9e-s.p.380d09ea.woff2 was preloaded using link preload but not used within a few seconds from the window's load event. Please make sure it has an appropriate `as` value and it is preloaded intentionally. @ http://localhost:3000/:0
[  886334ms] [WARNING] The resource http://localhost:3000/_next/static/chunks/%5Broot-of-the-server%5D__b0f26581._.css was preloaded using link preload but not used within a few seconds from the window's load event. Please make sure it has an appropriate `as` value and it is preloaded intentionally. @ http://localhost:3000/:0
[  886334ms] [WARNING] The resource https://api.fontshare.com/v2/css?f[]=satoshi@400,500,600,700,800&display=swap was preloaded using link preload but not used within a few seconds from the window's load event. Please make sure it has an appropriate `as` value and it is preloaded intentionally. @ http://localhost:3000/:0
[  890498ms] [WARNING] [Fast Refresh] performing full reload because your application had an unrecoverable error @ http://localhost:3000/_next/static/chunks/68969_next_dist_1a3b0dee._.js:2297
[  890517ms] Error: No link element found for chunk /_next/static/chunks/%5Broot-of-the-server%5D__b0f26581._.css
    at http://localhost:3000/_next/static/chunks/turbopack-Desktop_Rm%20Agendy%20final_a37ec155._.js:1801:28
    at new Promise (<anonymous>)
    at Object.reloadChunk (http://localhost:3000/_next/static/chunks/turbopack-Desktop_Rm%20Agendy%20final_a37ec155._.js:1793:20)
    at applyChunkListUpdate (http://localhost:3000/_next/static/chunks/turbopack-Desktop_Rm%20Agendy%20final_a37ec155._.js:1174:46)
    at applyUpdate (http://localhost:3000/_next/static/chunks/turbopack-Desktop_Rm%20Agendy%20final_a37ec155._.js:1148:13)
    at handleApply (http://localhost:3000/_next/static/chunks/turbopack-Desktop_Rm%20Agendy%20final_a37ec155._.js:1368:17)
    at triggerUpdate (http://localhost:3000/_next/static/chunks/%5Bturbopack%5D_browser_dev_hmr-client_hmr-client_ts_c8c997ce._.js:452:9)
    at applyAggregatedUpdates (http://localhost:3000/_next/static/chunks/%5Bturbopack%5D_browser_dev_hmr-client_hmr-client_ts_c8c997ce._.js:98:9)
    at http://localhost:3000/_next/static/chunks/%5Bturbopack%5D_browser_dev_hmr-client_hmr-client_ts_c8c997ce._.js:32:21
    at processTurbopackMessage (http://localhost:3000/_next/static/chunks/68969_next_dist_client_5eb392e3._.js:10950:13)
    at processMessage (http://localhost:3000/_next/static/chunks/68969_next_dist_client_5eb392e3._.js:11591:17)
    at WebSocket.handleMessage (http://localhost:3000/_next/static/chunks/68969_next_dist_client_5eb392e3._.js:10914:52)
[  896101ms] [WARNING] WARNING: Multiple instances of Three.js being imported. @ http://localhost:3000/_next/static/chunks/68969_next_dist_1a3b0dee._.js:2297
[  896160ms] [WARNING] updating from  114 to  122 @ http://localhost:3000/_next/static/chunks/68969_next_dist_1a3b0dee._.js:2297
[ 1294023ms] TypeError: step.tools.map is not a function
    at eval (http://localhost:3000/_next/static/chunks/Desktop_Rm%20Agendy%20final_src_c1726e5f._.js?id=%255Bproject%255D%252FDesktop%252FRm+Agendy+final%252Fsrc%252Fcomponents%252Fsections%252FTechStack.tsx+%255Bapp-client%255D+%2528ecmascript%2529:380:82)
    at Array.map (<anonymous>)
    at TechStack (http://localhost:3000/_next/static/chunks/Desktop_Rm%20Agendy%20final_src_c1726e5f._.js?id=%255Bproject%255D%252FDesktop%252FRm+Agendy+final%252Fsrc%252Fcomponents%252Fsections%252FTechStack.tsx+%255Bapp-client%255D+%2528ecmascript%2529:338:35)
    at Object.react_stack_bottom_frame (http://localhost:3000/_next/static/chunks/68969_next_dist_compiled_react-dom_5a5dec17._.js:14826:24)
    at renderWithHooks (http://localhost:3000/_next/static/chunks/68969_next_dist_compiled_react-dom_5a5dec17._.js:4651:24)
    at updateFunctionComponent (http://localhost:3000/_next/static/chunks/68969_next_dist_compiled_react-dom_5a5dec17._.js:6112:21)
    at beginWork (http://localhost:3000/_next/static/chunks/68969_next_dist_compiled_react-dom_5a5dec17._.js:6708:24)
    at runWithFiberInDEV (http://localhost:3000/_next/static/chunks/68969_next_dist_compiled_react-dom_5a5dec17._.js:965:74)
    at performUnitOfWork (http://localhost:3000/_next/static/chunks/68969_next_dist_compiled_react-dom_5a5dec17._.js:9562:97)
    at workLoopSync (http://localhost:3000/_next/static/chunks/68969_next_dist_compiled_react-dom_5a5dec17._.js:9456:40)
    at renderRootSync (http://localhost:3000/_next/static/chunks/68969_next_dist_compiled_react-dom_5a5dec17._.js:9440:13)
    at performWorkOnRoot (http://localhost:3000/_next/static/chunks/68969_next_dist_compiled_react-dom_5a5dec17._.js:9105:47)
    at performSyncWorkOnRoot (http://localhost:3000/_next/static/chunks/68969_next_dist_compiled_react-dom_5a5dec17._.js:10238:9)
    at flushSyncWorkAcrossRoots_impl (http://localhost:3000/_next/static/chunks/68969_next_dist_compiled_react-dom_5a5dec17._.js:10154:316)
    at flushSyncWork$1 (http://localhost:3000/_next/static/chunks/68969_next_dist_compiled_react-dom_5a5dec17._.js:9237:86)
    at Object.scheduleRefresh (http://localhost:3000/_next/static/chunks/68969_next_dist_compiled_react-dom_5a5dec17._.js:299:13)
    at http://localhost:3000/_next/static/chunks/68969_next_dist_compiled_0e7a0446._.js:391:33
    at Set.forEach (<anonymous>)
    at Object.performReactRefresh (http://localhost:3000/_next/static/chunks/68969_next_dist_compiled_0e7a0446._.js:384:38)
    at applyUpdate (http://localhost:3000/_next/static/chunks/68969_next_dist_compiled_0e7a0446._.js:878:31)
    at http://localhost:3000/_next/static/chunks/68969_next_dist_compiled_0e7a0446._.js:886:13
[ 1306247ms] [WARNING] [Fast Refresh] performing full reload because your application had an unrecoverable error @ http://localhost:3000/_next/static/chunks/68969_next_dist_1a3b0dee._.js:2297
[ 1306846ms] [WARNING] updating from  114 to  122 @ http://localhost:3000/_next/static/chunks/68969_next_dist_1a3b0dee._.js:2297
[ 1314191ms] [WARNING] WARNING: Multiple instances of Three.js being imported. @ http://localhost:3000/_next/static/chunks/68969_next_dist_1a3b0dee._.js:2297
[ 1314250ms] [WARNING] updating from  114 to  122 @ http://localhost:3000/_next/static/chunks/68969_next_dist_1a3b0dee._.js:2297
